<?xml version="1.0" encoding="UTF-8" ?>
<testsuite errors="0" failures="0" hostname="Stevens-MacBook-Pro.local" name="MazeJUnit" tests="8" time="0.063" timestamp="2013-09-23T17:56:55">
  <properties>
[...]
</properties>
  <testcase classname="MazeJUnit" name="testIsValidAndAddCells" time="0.0020" />
  <testcase classname="MazeJUnit" name="testRouteFristToDeadEnd" time="0.0010" />
  <testcase classname="MazeJUnit" name="testAddCellsException" time="0.0" />
  <testcase classname="MazeJUnit" name="testRouteFirstException" time="0.0" />
  <testcase classname="MazeJUnit" name="testCellNotInMaze" time="0.0" />
  <testcase classname="MazeJUnit" name="testInitialCellNotInMaze" time="0.0" />
  <testcase classname="MazeJUnit" name="testAlreadyVisitedCell" time="0.0" />
  <testcase classname="MazeJUnit" name="testInitialCellDeadEnd" time="0.0" />
  <system-out><![CDATA[MazeCell#3 passages:
	MazeCell#4, 12 seconds
MazeCell#4 passages:
	No passages
MazeCell#1 passages:
	MazeCell#3, 14 seconds
	MazeCell#2, 7 seconds
MazeCell#2 passages:
	MazeCell#3, 8 seconds
MazeCell#0 passages:
	MazeCell#3, 15 seconds
	MazeCell#4, 20 seconds
	MazeCell#1, 5 seconds
	MazeCell#2, 10 seconds

MazeCell#5 -- 20 seconds --> MazeCell#9

The MazeRoute after this statement should be empty:

There should be an empty line above this where the empty MazeRotue is.

The MazeRoute after this statement should be empty:

There should be an empty line above this where the empty MazeRotue is.

MazeCell#38 -- 5 seconds --> MazeCell#39
MazeCell#39 -- 7 seconds --> MazeCell#40
MazeCell#40 -- 8 seconds --> MazeCell#41
MazeCell#41 -- 12 seconds --> MazeCell#42

The last MazeCell should not include the initial MazeCell even though from "cell4" that is the only place to go.
The MazeRoute should contain only one MazeCell
MazeCell#53 is the only MazeCell in this route.
The travel time of this route is 0 seconds.

]]></system-out>
  <system-err><![CDATA[]]></system-err>
</testsuite>
