<?xml version="1.0" encoding="UTF-8" ?>
<testsuite errors="0" failures="0" hostname="Stevens-MacBook-Pro.local" name="HW4Tests" tests="5" time="0.044" timestamp="2013-10-08T23:59:16">
  <properties>
[...]
</properties>
  <testcase classname="HW4Tests" name="testRandomFirstSame" time="0.0040" />
  <testcase classname="HW4Tests" name="testRandomFirstDifferent" time="0.0" />
  <testcase classname="HW4Tests" name="testAddPassagesNew" time="0.0010" />
  <testcase classname="HW4Tests" name="testAddPassagesZero" time="0.0010" />
  <testcase classname="HW4Tests" name="testAddPassagesNegative" time="0.0" />
  <system-out><![CDATA[The following two MazeRoutes should be the same:
Maze.routeFirst():
MazeCell#0 -- 5 seconds --> MazeCell#1
MazeCell#1 -- 7 seconds --> MazeCell#2
MazeCell#2 -- 8 seconds --> MazeCell#3
MazeCell#3 -- 12 seconds --> MazeCell#4

Maze.routeRandom():
MazeCell#0 -- 5 seconds --> MazeCell#1
MazeCell#1 -- 7 seconds --> MazeCell#2
MazeCell#2 -- 8 seconds --> MazeCell#3
MazeCell#3 -- 12 seconds --> MazeCell#4

The travel time for the random route is 32 seconds.
The random travel time for the random route is 16 seconds.

The following two MazeRoutes should be different:
Maze.routeFirst():
MazeCell#13 -- 20 seconds --> MazeCell#17

Maze.routeRandom():
MazeCell#13 -- 10 seconds --> MazeCell#15
MazeCell#15 -- 67 seconds --> MazeCell#17

The Status before addPassages: The MazeCell is ok.
The Status after addPassages: The MazeCell is ok.
The Status after addPassages a second time: This MazeCell was already valid.

The Status before addPassages: The MazeCell is ok.
The Status after addPassages with a passage of travel time zero: The travel time is invalid.

The Status before addPassages: The MazeCell is ok.
The Status after addPassages with a passage of travel time negative: The travel time is invalid.

]]></system-out>
  <system-err><![CDATA[]]></system-err>
</testsuite>
