<?xml version="1.0" encoding="UTF-8" ?>
<testsuite errors="0" failures="0" hostname="Stevens-MacBook-Pro.local" name="AllTests" tests="30" time="0.052" timestamp="2013-09-25T15:38:26">
  <properties>
[...]
</properties>
  <testcase classname="HW4Tests" name="testRandomFirstSame" time="0.0020" />
  <testcase classname="HW4Tests" name="testRandomFirstDifferent" time="0.0010" />
  <testcase classname="HW4Tests" name="testAddPassagesNew" time="0.0010" />
  <testcase classname="HW4Tests" name="testAddPassagesZero" time="0.0" />
  <testcase classname="HW4Tests" name="testAddPassagesNegative" time="0.0010" />
  <testcase classname="MazeCellJUnit" name="testAddPassagesAndIsValid" time="0.0010" />
  <testcase classname="MazeCellJUnit" name="testCorrectPassages" time="0.0" />
  <testcase classname="MazeCellJUnit" name="testEqualsOverride" time="0.0" />
  <testcase classname="MazeCellJUnit" name="testIncorrectPassages" time="0.0010" />
  <testcase classname="MazeCellJUnit" name="testCorrectPassageTimeTo" time="0.0" />
  <testcase classname="MazeCellJUnit" name="testIncorrectPassageTimeTo" time="0.0" />
  <testcase classname="MazeCellJUnit" name="testCorrectConnectedCells" time="0.0010" />
  <testcase classname="MazeCellJUnit" name="testIncorrectConnectedCells" time="0.0" />
  <testcase classname="MazeCellJUnit" name="testCorrectIsDeadEnd" time="0.0" />
  <testcase classname="MazeCellJUnit" name="testIncorrectIsDeadEnd" time="0.0" />
  <testcase classname="MazeJUnit" name="testIsValidAndAddCells" time="0.0010" />
  <testcase classname="MazeJUnit" name="testRouteFristToDeadEnd" time="0.0" />
  <testcase classname="MazeJUnit" name="testAddCellsException" time="0.0" />
  <testcase classname="MazeJUnit" name="testRouteFirstException" time="0.0" />
  <testcase classname="MazeJUnit" name="testCellNotInMaze" time="0.0" />
  <testcase classname="MazeJUnit" name="testInitialCellNotInMaze" time="0.0" />
  <testcase classname="MazeJUnit" name="testAlreadyVisitedCell" time="0.0" />
  <testcase classname="MazeJUnit" name="testInitialCellDeadEnd" time="0.0" />
  <testcase classname="MazeRouteJUnit" name="testAddCellsAndIsValidAndToStringAndTravelTime" time="0.0" />
  <testcase classname="MazeRouteJUnit" name="testSingleMazeCellTravelTime" time="0.0" />
  <testcase classname="MazeRouteJUnit" name="testMaxValueTravelTime" time="0.0" />
  <testcase classname="MazeRouteJUnit" name="testIncorrectAddCellsRoute" time="0.0" />
  <testcase classname="MazeRouteJUnit" name="testIncorrectTravelTime" time="0.0010" />
  <testcase classname="MazeRouteJUnit" name="testCorrectGetCells" time="0.0" />
  <testcase classname="MazeRouteJUnit" name="testIncorrectGetCells" time="0.0" />
  <system-out><![CDATA[The following two MazeRoutes should be the same:
Maze.routeFirst():
MazeCell#0 -- 5 seconds --> MazeCell#1
MazeCell#1 -- 7 seconds --> MazeCell#2
MazeCell#2 -- 8 seconds --> MazeCell#3
MazeCell#3 -- 12 seconds --> MazeCell#4

Maze.routeRandom():
MazeCell#0 -- 5 seconds --> MazeCell#1
MazeCell#1 -- 7 seconds --> MazeCell#2
MazeCell#2 -- 8 seconds --> MazeCell#3
MazeCell#3 -- 12 seconds --> MazeCell#4

The travel time for the random route is 32 seconds.
The random travel time for the random route is 6 seconds.

The following two MazeRoutes should be different:
Maze.routeFirst():
MazeCell#13 -- 20 seconds --> MazeCell#17

Maze.routeRandom():
MazeCell#13 -- 15 seconds --> MazeCell#16
MazeCell#16 -- 12 seconds --> MazeCell#17

The Status before addPassages: The MazeCell is ok.
The Status after addPassages: The MazeCell is ok.
The Status after addPassages a second time: This MazeCell was already valid.

The Status before addPassages: The MazeCell is ok.
The Status after addPassages with a passage of travel time zero: The travel time is invalid.

The Status before addPassages: The MazeCell is ok.
The Status after addPassages with a passage of travel time negative: The travel time is invalid.

MazeCell#88 passages:
	MazeCell#89, 8 seconds
MazeCell#87 passages:
	MazeCell#88, 7 seconds
	MazeCell#89, 14 seconds
MazeCell#86 passages:
	MazeCell#88, 10 seconds
	MazeCell#87, 5 seconds
	MazeCell#90, 20 seconds
	MazeCell#89, 15 seconds
MazeCell#90 passages:
	No passages
MazeCell#89 passages:
	MazeCell#90, 12 seconds

MazeCell#91 -- 20 seconds --> MazeCell#95

The MazeRoute after this statement should be empty:

There should be an empty line above this where the empty MazeRotue is.

The MazeRoute after this statement should be empty:

There should be an empty line above this where the empty MazeRotue is.

MazeCell#124 -- 10 seconds --> MazeCell#126
MazeCell#126 -- 8 seconds --> MazeCell#127
MazeCell#127 -- 12 seconds --> MazeCell#128

The last MazeCell should not include the initial MazeCell even though from "cell4" that is the only place to go.
The MazeRoute should contain only one MazeCell
MazeCell#138 is the only MazeCell in this route.
The travel time of this route is 0 seconds.

MazeCell#139 -- 20 seconds --> MazeCell#140
MazeCell#140 -- 30 seconds --> MazeCell#141

50
MazeCell#144 is the only MazeCell in this route.
The travel time of this route is 0 seconds.

MazeCell#149 -- 20 seconds --> MazeCell#150
MazeCell#150 -- 30 seconds --> MazeCell#151
MazeCell#151 -- NO PASSAGE --> MazeCell#152

]]></system-out>
  <system-err><![CDATA[]]></system-err>
</testsuite>
