<?xml version="1.0" encoding="UTF-8" ?>
<testsuite errors="0" failures="0" hostname="Stevens-MacBook-Pro.local" name="AllTests" tests="36" time="0.065" timestamp="2013-10-08T23:58:35">
  <properties>
[...]
</properties>
  <testcase classname="HW4Tests" name="testRandomFirstSame" time="0.0030" />
  <testcase classname="HW4Tests" name="testRandomFirstDifferent" time="0.0010" />
  <testcase classname="HW4Tests" name="testAddPassagesNew" time="0.0020" />
  <testcase classname="HW4Tests" name="testAddPassagesZero" time="0.0" />
  <testcase classname="HW4Tests" name="testAddPassagesNegative" time="0.0010" />
  <testcase classname="MazeCellJUnit" name="testAddPassagesAndIsValid" time="0.0010" />
  <testcase classname="MazeCellJUnit" name="testCorrectPassages" time="0.0" />
  <testcase classname="MazeCellJUnit" name="testEqualsOverride" time="0.0" />
  <testcase classname="MazeCellJUnit" name="testIncorrectPassages" time="0.0010" />
  <testcase classname="MazeCellJUnit" name="testCorrectPassageTimeTo" time="0.0" />
  <testcase classname="MazeCellJUnit" name="testIncorrectPassageTimeTo" time="0.0" />
  <testcase classname="MazeCellJUnit" name="testCorrectConnectedCells" time="0.0" />
  <testcase classname="MazeCellJUnit" name="testIncorrectConnectedCells" time="0.0" />
  <testcase classname="MazeCellJUnit" name="testCorrectIsDeadEnd" time="0.0" />
  <testcase classname="MazeCellJUnit" name="testIncorrectIsDeadEnd" time="0.0" />
  <testcase classname="MazeJUnit" name="testIsValidAndAddCells" time="0.0" />
  <testcase classname="MazeJUnit" name="testRouteFristToDeadEnd" time="0.0" />
  <testcase classname="MazeJUnit" name="testAddCellsException" time="0.0" />
  <testcase classname="MazeJUnit" name="testRouteFirstException" time="0.0" />
  <testcase classname="MazeJUnit" name="testCellNotInMaze" time="0.0" />
  <testcase classname="MazeJUnit" name="testInitialCellNotInMaze" time="0.0" />
  <testcase classname="MazeJUnit" name="testAlreadyVisitedCell" time="0.0" />
  <testcase classname="MazeJUnit" name="testInitialCellDeadEnd" time="0.0" />
  <testcase classname="MazeRouteJUnit" name="testAddCellsAndIsValidAndTravelTime" time="0.0" />
  <testcase classname="MazeRouteJUnit" name="testSingleMazeCellTravelTime" time="0.0" />
  <testcase classname="MazeRouteJUnit" name="testMaxValueTravelTime" time="0.0" />
  <testcase classname="MazeRouteJUnit" name="testIncorrectAddCellsRoute" time="0.0" />
  <testcase classname="MazeRouteJUnit" name="testIncorrectTravelTime" time="0.0" />
  <testcase classname="MazeRouteJUnit" name="testCorrectGetCells" time="0.0" />
  <testcase classname="MazeRouteJUnit" name="testIncorrectGetCells" time="0.0" />
  <testcase classname="HW05Tests" name="testGreedyRoute" time="0.0010" />
  <testcase classname="HW05Tests" name="testFirstPassageSelector" time="0.0010" />
  <testcase classname="HW05Tests" name="testRandomPassageSelector" time="0.0010" />
  <testcase classname="HW05Tests" name="testGreedyPassageSelector" time="0.0020" />
  <testcase classname="HW05Tests" name="testAverageExitTime" time="0.0" />
  <testcase classname="HW05Tests" name="testAverageExitTimeMaxValue" time="0.0010" />
  <system-out><![CDATA[]]></system-out>
  <system-err><![CDATA[]]></system-err>
</testsuite>
